#
# There is insufficient memory for the Java Runtime Environment to continue.
# Native memory allocation (malloc) failed to allocate 1376272 bytes for Chunk::new
# Possible reasons:
#   The system is out of physical RAM or swap space
#   In 32 bit mode, the process size limit was hit
# Possible solutions:
#   Reduce memory load on the system
#   Increase physical memory or swap space
#   Check if swap backing store is full
#   Use 64 bit Java on a 64 bit OS
#   Decrease Java heap size (-Xmx/-Xms)
#   Decrease number of Java threads
#   Decrease Java thread stack sizes (-Xss)
#   Set larger code cache with -XX:ReservedCodeCacheSize=
# This output file may be truncated or incomplete.
#
#  Out of Memory Error (allocation.cpp:390), pid=4352, tid=0x0000000000000f14
#
# JRE version: OpenJDK Runtime Environment (8.0_76-b03) (build 1.8.0_76-release-b03)
# Java VM: OpenJDK 64-Bit Server VM (25.76-b03 mixed mode windows-amd64 compressed oops)
# Failed to write core dump. Minidumps are not enabled by default on client versions of Windows
#

---------------  T H R E A D  ---------------

Current thread (0x0000000055c82000):  JavaThread "C2 CompilerThread0" daemon [_thread_in_native, id=3860, stack(0x0000000057ec0000,0x0000000057fc0000)]

Stack: [0x0000000057ec0000,0x0000000057fc0000]
[error occurred during error reporting (printing stack bounds), id 0xc0000005]

Native frames: (J=compiled Java code, j=interpreted, Vv=VM code, C=native code)


Current CompileTask:
C2: 228369 13728       4       com.android.dx.dex.file.DebugInfoEncoder::emitLocalsAtAddress (150 bytes)


---------------  P R O C E S S  ---------------

Java Threads: ( => current thread )
  0x000000005d253000 JavaThread "pool-59-thread-1" [_thread_blocked, id=6444, stack(0x0000000069670000,0x0000000069770000)]
  0x000000005b8f7000 JavaThread "pool-56-thread-4" [_thread_blocked, id=6640, stack(0x000000006a880000,0x000000006a980000)]
  0x000000005b8fb800 JavaThread "pool-56-thread-3" [_thread_blocked, id=4460, stack(0x000000006a0a0000,0x000000006a1a0000)]
  0x000000005b8f8800 JavaThread "pool-56-thread-2" [_thread_blocked, id=5356, stack(0x000000006a780000,0x000000006a880000)]
  0x000000005b8f7800 JavaThread "pool-57-thread-1" [_thread_blocked, id=6704, stack(0x000000006a550000,0x000000006a650000)]
  0x000000005b8f9000 JavaThread "pool-56-thread-1" [_thread_blocked, id=5652, stack(0x0000000069b50000,0x0000000069c50000)]
  0x000000005d8d3000 JavaThread "pool-48-thread-4" [_thread_blocked, id=3852, stack(0x00000000699b0000,0x0000000069ab0000)]
  0x000000005d8cd000 JavaThread "pool-48-thread-3" [_thread_blocked, id=6512, stack(0x0000000068f40000,0x0000000069040000)]
  0x000000005d8d2800 JavaThread "pool-48-thread-2" [_thread_blocked, id=5292, stack(0x0000000069220000,0x0000000069320000)]
  0x000000005d8d4000 JavaThread "pool-49-thread-1" [_thread_blocked, id=5184, stack(0x00000000690d0000,0x00000000691d0000)]
  0x000000005d8ce000 JavaThread "pool-48-thread-1" [_thread_blocked, id=5168, stack(0x0000000066b80000,0x0000000066c80000)]
  0x000000005b8f6000 JavaThread "pool-9-thread-4" [_thread_blocked, id=2156, stack(0x0000000067e30000,0x0000000067f30000)]
  0x000000005b8f5800 JavaThread "pool-9-thread-3" [_thread_blocked, id=752, stack(0x0000000067cd0000,0x0000000067dd0000)]
  0x000000005b8f4800 JavaThread "pool-9-thread-2" [_thread_blocked, id=6460, stack(0x0000000067af0000,0x0000000067bf0000)]
  0x000000005d8b3000 JavaThread "pool-9-thread-1" [_thread_blocked, id=5480, stack(0x000000005dc60000,0x000000005dd60000)]
  0x000000005d8b1000 JavaThread "stdout" daemon [_thread_in_native, id=2204, stack(0x0000000067370000,0x0000000067470000)]
  0x000000005d8b0000 JavaThread "stderr" daemon [_thread_in_native, id=3460, stack(0x0000000067220000,0x0000000067320000)]
  0x000000005d8af800 JavaThread "stdout" daemon [_thread_in_native, id=4176, stack(0x0000000066930000,0x0000000066a30000)]
  0x000000005d8ae800 JavaThread "stderr" daemon [_thread_in_native, id=1248, stack(0x0000000067110000,0x0000000067210000)]
  0x000000005d8ae000 JavaThread "stdout" daemon [_thread_in_native, id=6564, stack(0x0000000066e10000,0x0000000066f10000)]
  0x000000005d8ad000 JavaThread "stderr" daemon [_thread_in_native, id=5828, stack(0x0000000066ca0000,0x0000000066da0000)]
  0x000000005a244800 JavaThread "stdout" daemon [_thread_in_native, id=5096, stack(0x0000000066690000,0x0000000066790000)]
  0x000000005a242800 JavaThread "stderr" daemon [_thread_in_native, id=6648, stack(0x0000000066580000,0x0000000066680000)]
  0x000000005a244000 JavaThread "stdout" daemon [_thread_in_native, id=4920, stack(0x0000000066a40000,0x0000000066b40000)]
  0x000000005a243000 JavaThread "stderr" daemon [_thread_in_native, id=6676, stack(0x00000000667c0000,0x00000000668c0000)]
  0x000000005a241800 JavaThread "png-cruncher_20" daemon [_thread_blocked, id=5180, stack(0x0000000066140000,0x0000000066240000)]
  0x000000005a241000 JavaThread "png-cruncher_19" daemon [_thread_blocked, id=1816, stack(0x0000000066430000,0x0000000066530000)]
  0x000000005a240000 JavaThread "png-cruncher_18" daemon [_thread_blocked, id=6856, stack(0x0000000066240000,0x0000000066340000)]
  0x000000005a23f800 JavaThread "png-cruncher_17" daemon [_thread_blocked, id=6848, stack(0x0000000065f50000,0x0000000066050000)]
  0x000000005a23e800 JavaThread "png-cruncher_16" daemon [_thread_blocked, id=3280, stack(0x0000000065d60000,0x0000000065e60000)]
  0x000000005a23e000 JavaThread "stdout" daemon [_thread_in_native, id=3940, stack(0x0000000065b70000,0x0000000065c70000)]
  0x000000005a103000 JavaThread "stderr" daemon [_thread_in_native, id=1392, stack(0x0000000062510000,0x0000000062610000)]
  0x000000005a102800 JavaThread "stdout" daemon [_thread_in_native, id=5164, stack(0x0000000065a40000,0x0000000065b40000)]
  0x000000005a101800 JavaThread "stderr" daemon [_thread_in_native, id=1464, stack(0x0000000065930000,0x0000000065a30000)]
  0x000000005a101000 JavaThread "stdout" daemon [_thread_in_native, id=1852, stack(0x0000000065760000,0x0000000065860000)]
  0x000000005a100000 JavaThread "stderr" daemon [_thread_in_native, id=552, stack(0x00000000655e0000,0x00000000656e0000)]
  0x000000005a0ff800 JavaThread "stdout" daemon [_thread_in_native, id=6692, stack(0x00000000653d0000,0x00000000654d0000)]
  0x000000005a0fe800 JavaThread "stderr" daemon [_thread_in_native, id=3500, stack(0x00000000654d0000,0x00000000655d0000)]
  0x000000005a0fd800 JavaThread "stdout" daemon [_thread_in_native, id=1896, stack(0x0000000064b40000,0x0000000064c40000)]
  0x000000005a0fd000 JavaThread "stderr" daemon [_thread_in_native, id=7040, stack(0x0000000065110000,0x0000000065210000)]
  0x000000005a0fc000 JavaThread "stdout" daemon [_thread_in_native, id=5560, stack(0x0000000065210000,0x0000000065310000)]
  0x000000005d8ac000 JavaThread "stderr" daemon [_thread_in_native, id=5848, stack(0x0000000064ec0000,0x0000000064fc0000)]
  0x000000005d8ab000 JavaThread "stdout" daemon [_thread_in_native, id=5444, stack(0x0000000064ff0000,0x00000000650f0000)]
  0x000000005d8aa800 JavaThread "stderr" daemon [_thread_in_native, id=3580, stack(0x0000000064240000,0x0000000064340000)]
  0x000000005d8a9800 JavaThread "stdout" daemon [_thread_in_native, id=2772, stack(0x0000000064db0000,0x0000000064eb0000)]
  0x000000005d8a9000 JavaThread "stderr" daemon [_thread_in_native, id=5448, stack(0x0000000064c80000,0x0000000064d80000)]
  0x000000005d8a8000 JavaThread "stdout" daemon [_thread_in_native, id=1700, stack(0x0000000064a20000,0x0000000064b20000)]
  0x000000005d8a7800 JavaThread "stderr" daemon [_thread_in_native, id=3856, stack(0x00000000648b0000,0x00000000649b0000)]
  0x000000005d8a6800 JavaThread "png-cruncher_15" daemon [_thread_blocked, id=5364, stack(0x00000000646d0000,0x00000000647d0000)]
  0x000000005d8a6000 JavaThread "png-cruncher_14" daemon [_thread_blocked, id=2612, stack(0x0000000064010000,0x0000000064110000)]
  0x000000005d8a5000 JavaThread "png-cruncher_13" daemon [_thread_blocked, id=3328, stack(0x0000000064570000,0x0000000064670000)]
  0x000000005e30b800 JavaThread "png-cruncher_12" daemon [_thread_blocked, id=1948, stack(0x0000000064380000,0x0000000064480000)]
  0x000000005e30a800 JavaThread "png-cruncher_11" daemon [_thread_blocked, id=3732, stack(0x0000000064110000,0x0000000064210000)]
  0x000000005e30a000 JavaThread "stdout" daemon [_thread_in_native, id=6240, stack(0x0000000063db0000,0x0000000063eb0000)]
  0x000000005e309000 JavaThread "stderr" daemon [_thread_in_native, id=7160, stack(0x0000000063ef0000,0x0000000063ff0000)]
  0x000000005e308800 JavaThread "stdout" daemon [_thread_in_native, id=5368, stack(0x0000000063b10000,0x0000000063c10000)]
  0x000000005e307800 JavaThread "stderr" daemon [_thread_in_native, id=2520, stack(0x0000000063c50000,0x0000000063d50000)]
  0x000000005e307000 JavaThread "stdout" daemon [_thread_in_native, id=4084, stack(0x00000000639b0000,0x0000000063ab0000)]
  0x000000005e306000 JavaThread "stderr" daemon [_thread_in_native, id=1932, stack(0x00000000638a0000,0x00000000639a0000)]
  0x000000005e305800 JavaThread "stdout" daemon [_thread_in_native, id=3916, stack(0x0000000063650000,0x0000000063750000)]
  0x000000005e304800 JavaThread "stderr" daemon [_thread_in_native, id=1856, stack(0x0000000063400000,0x0000000063500000)]
  0x000000005bf7c000 JavaThread "stdout" daemon [_thread_in_native, id=4624, stack(0x0000000063780000,0x0000000063880000)]
  0x000000005bf7b800 JavaThread "stderr" daemon [_thread_in_native, id=6968, stack(0x0000000063500000,0x0000000063600000)]
  0x000000005bf7a800 JavaThread "stdout" daemon [_thread_in_native, id=236, stack(0x0000000062ac0000,0x0000000062bc0000)]
  0x000000005bf7a000 JavaThread "stderr" daemon [_thread_in_native, id=4984, stack(0x00000000629b0000,0x0000000062ab0000)]
  0x000000005bf79000 JavaThread "png-cruncher_10" daemon [_thread_blocked, id=6360, stack(0x00000000632f0000,0x00000000633f0000)]
  0x000000005bf78800 JavaThread "png-cruncher_9" daemon [_thread_blocked, id=5036, stack(0x00000000631c0000,0x00000000632c0000)]
  0x000000005bf77800 JavaThread "png-cruncher_8" daemon [_thread_blocked, id=5136, stack(0x0000000063010000,0x0000000063110000)]
  0x000000005bf77000 JavaThread "png-cruncher_7" daemon [_thread_blocked, id=1692, stack(0x0000000062e60000,0x0000000062f60000)]
  0x000000005bf76000 JavaThread "png-cruncher_6" daemon [_thread_blocked, id=2592, stack(0x0000000062c70000,0x0000000062d70000)]
  0x000000005bf75800 JavaThread "png-cruncher_5" daemon [_thread_blocked, id=6484, stack(0x0000000062820000,0x0000000062920000)]
  0x000000005c224800 JavaThread "png-cruncher_4" daemon [_thread_blocked, id=1332, stack(0x0000000062690000,0x0000000062790000)]
  0x000000005c223800 JavaThread "png-cruncher_3" daemon [_thread_blocked, id=588, stack(0x00000000622b0000,0x00000000623b0000)]
  0x000000005c223000 JavaThread "png-cruncher_2" daemon [_thread_blocked, id=3196, stack(0x00000000623e0000,0x00000000624e0000)]
  0x000000005c222000 JavaThread "png-cruncher_1" daemon [_thread_blocked, id=6724, stack(0x0000000062140000,0x0000000062240000)]
  0x000000005c221800 JavaThread "pool-3-thread-4" [_thread_blocked, id=3880, stack(0x0000000061ff0000,0x00000000620f0000)]
  0x000000005c220800 JavaThread "pool-3-thread-3" [_thread_blocked, id=2544, stack(0x000000005cae0000,0x000000005cbe0000)]
  0x000000005c220000 JavaThread "pool-3-thread-2" [_thread_blocked, id=5792, stack(0x0000000061ec0000,0x0000000061fc0000)]
  0x000000005c21f000 JavaThread "pool-3-thread-1" [_thread_in_native, id=6160, stack(0x000000005aef0000,0x000000005aff0000)]
  0x000000005c216000 JavaThread "File lock request listener" [_thread_in_native, id=5112, stack(0x000000005edf0000,0x000000005eef0000)]
  0x0000000058531800 JavaThread "Asynchronous log dispatcher for org.gradle.launcher.daemon.server.DefaultDaemonConnection@7768e1cb" [_thread_in_vm, id=6208, stack(0x000000005b1c0000,0x000000005b2c0000)]
  0x000000005974d800 JavaThread "Daemon worker" [_thread_blocked, id=1960, stack(0x000000005b040000,0x000000005b140000)]
  0x000000005974c000 JavaThread "Cancel handler" [_thread_blocked, id=2548, stack(0x000000005ad50000,0x000000005ae50000)]
  0x00000000599fe800 JavaThread "Handler for socket connection from /127.0.0.1:51808 to /127.0.0.1:51809" [_thread_in_native, id=2152, stack(0x000000005ac50000,0x000000005ad50000)]
  0x00000000599fe000 JavaThread "Daemon" [_thread_blocked, id=7164, stack(0x000000005aaf0000,0x000000005abf0000)]
  0x00000000599ab800 JavaThread "pool-1-thread-1" [_thread_blocked, id=6164, stack(0x000000005a640000,0x000000005a740000)]
  0x0000000058620800 JavaThread "Incoming local TCP Connector on port 51808" [_thread_in_native, id=3620, stack(0x000000005a790000,0x000000005a890000)]
  0x0000000058484000 JavaThread "Service Thread" daemon [_thread_blocked, id=3192, stack(0x0000000058220000,0x0000000058320000)]
  0x0000000058420800 JavaThread "C1 CompilerThread2" daemon [_thread_blocked, id=6204, stack(0x0000000058990000,0x0000000058a90000)]
  0x0000000055c87800 JavaThread "C2 CompilerThread1" daemon [_thread_in_native, id=2552, stack(0x0000000058320000,0x0000000058420000)]
=>0x0000000055c82000 JavaThread "C2 CompilerThread0" daemon [_thread_in_native, id=3860, stack(0x0000000057ec0000,0x0000000057fc0000)]
  0x0000000055c7f000 JavaThread "Attach Listener" daemon [_thread_blocked, id=5776, stack(0x00000000580f0000,0x00000000581f0000)]
  0x0000000055c8e800 JavaThread "Signal Dispatcher" daemon [_thread_blocked, id=6888, stack(0x0000000057fc0000,0x00000000580c0000)]
  0x0000000055c6a000 JavaThread "Finalizer" daemon [_thread_blocked, id=2804, stack(0x0000000057db0000,0x0000000057eb0000)]
  0x0000000055c23000 JavaThread "Reference Handler" daemon [_thread_blocked, id=760, stack(0x0000000057b10000,0x0000000057c10000)]
  0x000000000209d800 JavaThread "main" [_thread_blocked, id=2528, stack(0x0000000002490000,0x0000000002590000)]

Other Threads:
  0x0000000055c1b800 VMThread [stack: 0x00000000560d0000,0x00000000561d0000] [id=6000]
  0x0000000058495000 WatcherThread [stack: 0x0000000058b60000,0x0000000058c60000] [id=6948]

VM state:synchronizing (normal execution)

VM Mutex/Monitor currently owned by a thread:  ([mutex/lock_event])
[0x000000000209bb80] Safepoint_lock - owner thread: 0x0000000055c1b800
[0x000000000209bc00] Threads_lock - owner thread: 0x0000000055c1b800

Heap:
 PSYoungGen      total 373760K, used 126876K [0x00000000e0000000, 0x00000000f9a80000, 0x0000000100000000)
  eden space 337408K, 37% used [0x00000000e0000000,0x00000000e7be7368,0x00000000f4980000)
  from space 36352K, 0% used [0x00000000f4980000,0x00000000f4980000,0x00000000f6d00000)
  to   space 25088K, 0% used [0x00000000f6d00000,0x00000000f6d00000,0x00000000f8580000)
 ParOldGen       total 223744K, used 124409K [0x00000000a0000000, 0x00000000ada80000, 0x00000000e0000000)
  object space 223744K, 55% used [0x00000000a0000000,0x00000000a797e4c8,0x00000000ada80000)
 Metaspace       used 63673K, capacity 65320K, committed 65584K, reserved 1105920K
  class space    used 8086K, capacity 8452K, committed 8496K, reserved 1048576K

Card table byte_map: [0x0000000011c20000,0x0000000011f30000] byte_map_base: 0x0000000011720000

Marking Bits: (ParMarkBitMap*) 0x0000000056989d00
 Begin Bits: [0x0000000012790000, 0x0000000013f90000)
 End Bits:   [0x0000000013f90000, 0x0000000015790000)

Polling page: 0x0000000000340000

CodeCache: size=245760Kb used=38241Kb max_used=38250Kb free=207518Kb
 bounds [0x0000000002860000, 0x0000000004df0000, 0x0000000011860000]
 total_blobs=11705 nmethods=10961 adapters=657
 compilation: enabled

Compilation events (10 events):
Event: 226.633 Thread 0x0000000055c82000 nmethod 13677 0x0000000004d6bed0 code [0x0000000004d6c020, 0x0000000004d6c178]
Event: 226.633 Thread 0x0000000055c82000 13709       4       com.android.dx.dex.code.OutputFinisher::calculateReservedCount (122 bytes)
Event: 226.677 Thread 0x0000000055c82000 nmethod 13709 0x0000000004dd8b90 code [0x0000000004dd8d60, 0x0000000004dd96f0]
Event: 226.677 Thread 0x0000000055c82000 13731       4       com.android.dx.dex.code.OutputFinisher::align64bits (247 bytes)
Event: 226.716 Thread 0x0000000055c82000 nmethod 13731 0x0000000004deaa90 code [0x0000000004deac40, 0x0000000004deb3f0]
Event: 226.717 Thread 0x0000000055c82000 13728       4       com.android.dx.dex.file.DebugInfoEncoder::emitLocalsAtAddress (150 bytes)
Event: 227.193 Thread 0x0000000058420800 13745       3       com.android.dx.dex.code.RopTranslator::translateAndGetResult (48 bytes)
Event: 227.195 Thread 0x0000000058420800 nmethod 13745 0x0000000004dd81d0 code [0x0000000004dd83a0, 0x0000000004dd88d8]
Event: 227.195 Thread 0x0000000058420800 13747       3       com.android.dx.dex.code.OutputFinisher::<init> (48 bytes)
Event: 227.196 Thread 0x0000000058420800 nmethod 13747 0x00000000046cfc10 code [0x00000000046cfd80, 0x00000000046d0028]

GC Heap History (10 events):
Event: 184.082 GC heap before
{Heap before GC invocations=26 (full 4):
 PSYoungGen      total 362496K, used 25060K [0x00000000e0000000, 0x00000000f9a80000, 0x0000000100000000)
  eden space 337408K, 0% used [0x00000000e0000000,0x00000000e0000000,0x00000000f4980000)
  from space 25088K, 99% used [0x00000000f6d00000,0x00000000f8579368,0x00000000f8580000)
  to   space 36352K, 0% used [0x00000000f4980000,0x00000000f4980000,0x00000000f6d00000)
 ParOldGen       total 107520K, used 92280K [0x00000000a0000000, 0x00000000a6900000, 0x00000000e0000000)
  object space 107520K, 85% used [0x00000000a0000000,0x00000000a5a1e308,0x00000000a6900000)
 Metaspace       used 63537K, capacity 65226K, committed 65328K, reserved 1105920K
  class space    used 8083K, capacity 8421K, committed 8496K, reserved 1048576K
Event: 185.953 GC heap after
Heap after GC invocations=26 (full 4):
 PSYoungGen      total 362496K, used 0K [0x00000000e0000000, 0x00000000f9a80000, 0x0000000100000000)
  eden space 337408K, 0% used [0x00000000e0000000,0x00000000e0000000,0x00000000f4980000)
  from space 25088K, 0% used [0x00000000f6d00000,0x00000000f6d00000,0x00000000f8580000)
  to   space 36352K, 0% used [0x00000000f4980000,0x00000000f4980000,0x00000000f6d00000)
 ParOldGen       total 164352K, used 90473K [0x00000000a0000000, 0x00000000aa080000, 0x00000000e0000000)
  object space 164352K, 55% used [0x00000000a0000000,0x00000000a585a7b8,0x00000000aa080000)
 Metaspace       used 63532K, capacity 65212K, committed 65328K, reserved 1105920K
  class space    used 8082K, capacity 8418K, committed 8496K, reserved 1048576K
}
Event: 194.765 GC heap before
{Heap before GC invocations=27 (full 4):
 PSYoungGen      total 362496K, used 337408K [0x00000000e0000000, 0x00000000f9a80000, 0x0000000100000000)
  eden space 337408K, 100% used [0x00000000e0000000,0x00000000f4980000,0x00000000f4980000)
  from space 25088K, 0% used [0x00000000f6d00000,0x00000000f6d00000,0x00000000f8580000)
  to   space 36352K, 0% used [0x00000000f4980000,0x00000000f4980000,0x00000000f6d00000)
 ParOldGen       total 164352K, used 90473K [0x00000000a0000000, 0x00000000aa080000, 0x00000000e0000000)
  object space 164352K, 55% used [0x00000000a0000000,0x00000000a585a7b8,0x00000000aa080000)
 Metaspace       used 63619K, capacity 65320K, committed 65584K, reserved 1105920K
  class space    used 8085K, capacity 8452K, committed 8496K, reserved 1048576K
Event: 195.103 GC heap after
Heap after GC invocations=27 (full 4):
 PSYoungGen      total 373760K, used 36331K [0x00000000e0000000, 0x00000000f9a80000, 0x0000000100000000)
  eden space 337408K, 0% used [0x00000000e0000000,0x00000000e0000000,0x00000000f4980000)
  from space 36352K, 99% used [0x00000000f4980000,0x00000000f6cfad28,0x00000000f6d00000)
  to   space 25088K, 0% used [0x00000000f6d00000,0x00000000f6d00000,0x00000000f8580000)
 ParOldGen       total 164352K, used 91238K [0x00000000a0000000, 0x00000000aa080000, 0x00000000e0000000)
  object space 164352K, 55% used [0x00000000a0000000,0x00000000a59199e8,0x00000000aa080000)
 Metaspace       used 63619K, capacity 65320K, committed 65584K, reserved 1105920K
  class space    used 8085K, capacity 8452K, committed 8496K, reserved 1048576K
}
Event: 201.357 GC heap before
{Heap before GC invocations=28 (full 4):
 PSYoungGen      total 373760K, used 373739K [0x00000000e0000000, 0x00000000f9a80000, 0x0000000100000000)
  eden space 337408K, 100% used [0x00000000e0000000,0x00000000f4980000,0x00000000f4980000)
  from space 36352K, 99% used [0x00000000f4980000,0x00000000f6cfad28,0x00000000f6d00000)
  to   space 25088K, 0% used [0x00000000f6d00000,0x00000000f6d00000,0x00000000f8580000)
 ParOldGen       total 164352K, used 91238K [0x00000000a0000000, 0x00000000aa080000, 0x00000000e0000000)
  object space 164352K, 55% used [0x00000000a0000000,0x00000000a59199e8,0x00000000aa080000)
 Metaspace       used 63652K, capacity 65320K, committed 65584K, reserved 1105920K
  class space    used 8085K, capacity 8452K, committed 8496K, reserved 1048576K
Event: 201.802 GC heap after
Heap after GC invocations=28 (full 4):
 PSYoungGen      total 362496K, used 25073K [0x00000000e0000000, 0x00000000f9a80000, 0x0000000100000000)
  eden space 337408K, 0% used [0x00000000e0000000,0x00000000e0000000,0x00000000f4980000)
  from space 25088K, 99% used [0x00000000f6d00000,0x00000000f857c670,0x00000000f8580000)
  to   space 36352K, 0% used [0x00000000f4980000,0x00000000f4980000,0x00000000f6d00000)
 ParOldGen       total 164352K, used 128944K [0x00000000a0000000, 0x00000000aa080000, 0x00000000e0000000)
  object space 164352K, 78% used [0x00000000a0000000,0x00000000a7dec2a0,0x00000000aa080000)
 Metaspace       used 63652K, capacity 65320K, committed 65584K, reserved 1105920K
  class space    used 8085K, capacity 8452K, committed 8496K, reserved 1048576K
}
Event: 212.279 GC heap before
{Heap before GC invocations=29 (full 4):
 PSYoungGen      total 362496K, used 362481K [0x00000000e0000000, 0x00000000f9a80000, 0x0000000100000000)
  eden space 337408K, 100% used [0x00000000e0000000,0x00000000f4980000,0x00000000f4980000)
  from space 25088K, 99% used [0x00000000f6d00000,0x00000000f857c670,0x00000000f8580000)
  to   space 36352K, 0% used [0x00000000f4980000,0x00000000f4980000,0x00000000f6d00000)
 ParOldGen       total 164352K, used 128944K [0x00000000a0000000, 0x00000000aa080000, 0x00000000e0000000)
  object space 164352K, 78% used [0x00000000a0000000,0x00000000a7dec2a0,0x00000000aa080000)
 Metaspace       used 63664K, capacity 65320K, committed 65584K, reserved 1105920K
  class space    used 8086K, capacity 8452K, committed 8496K, reserved 1048576K
Event: 212.800 GC heap after
Heap after GC invocations=29 (full 4):
 PSYoungGen      total 373760K, used 36334K [0x00000000e0000000, 0x00000000f9a80000, 0x0000000100000000)
  eden space 337408K, 0% used [0x00000000e0000000,0x00000000e0000000,0x00000000f4980000)
  from space 36352K, 99% used [0x00000000f4980000,0x00000000f6cfba70,0x00000000f6d00000)
  to   space 25088K, 0% used [0x00000000f6d00000,0x00000000f6d00000,0x00000000f8580000)
 ParOldGen       total 164352K, used 158679K [0x00000000a0000000, 0x00000000aa080000, 0x00000000e0000000)
  object space 164352K, 96% used [0x00000000a0000000,0x00000000a9af5c18,0x00000000aa080000)
 Metaspace       used 63664K, capacity 65320K, committed 65584K, reserved 1105920K
  class space    used 8086K, capacity 8452K, committed 8496K, reserved 1048576K
}
Event: 212.801 GC heap before
{Heap before GC invocations=30 (full 5):
 PSYoungGen      total 373760K, used 36334K [0x00000000e0000000, 0x00000000f9a80000, 0x0000000100000000)
  eden space 337408K, 0% used [0x00000000e0000000,0x00000000e0000000,0x00000000f4980000)
  from space 36352K, 99% used [0x00000000f4980000,0x00000000f6cfba70,0x00000000f6d00000)
  to   space 25088K, 0% used [0x00000000f6d00000,0x00000000f6d00000,0x00000000f8580000)
 ParOldGen       total 164352K, used 158679K [0x00000000a0000000, 0x00000000aa080000, 0x00000000e0000000)
  object space 164352K, 96% used [0x00000000a0000000,0x00000000a9af5c18,0x00000000aa080000)
 Metaspace       used 63664K, capacity 65320K, committed 65584K, reserved 1105920K
  class space    used 8086K, capacity 8452K, committed 8496K, reserved 1048576K
Event: 217.496 GC heap after
Heap after GC invocations=30 (full 5):
 PSYoungGen      total 373760K, used 0K [0x00000000e0000000, 0x00000000f9a80000, 0x0000000100000000)
  eden space 337408K, 0% used [0x00000000e0000000,0x00000000e0000000,0x00000000f4980000)
  from space 36352K, 0% used [0x00000000f4980000,0x00000000f4980000,0x00000000f6d00000)
  to   space 25088K, 0% used [0x00000000f6d00000,0x00000000f6d00000,0x00000000f8580000)
 ParOldGen       total 223744K, used 124409K [0x00000000a0000000, 0x00000000ada80000, 0x00000000e0000000)
  object space 223744K, 55% used [0x00000000a0000000,0x00000000a797e4c8,0x00000000ada80000)
 Metaspace       used 63664K, capacity 65320K, committed 65584K, reserved 1105920K
  class space    used 8086K, capacity 8452K, committed 8496K, reserved 1048576K
}

Deoptimization events (10 events):
Event: 200.507 Thread 0x000000005b8f6000 Uncommon trap: reason=array_check action=maybe_recompile pc=0x0000000004925368 method=java.util.ComparableTimSort.binarySort([Ljava/lang/Object;III)V @ 183
Event: 201.143 Thread 0x000000005d254000 Uncommon trap: reason=unstable_if action=reinterpret pc=0x0000000004ae2d6c method=com.android.dx.rop.code.LocalItem.compareHandlesNulls(Lcom/android/dx/rop/cst/CstString;Lcom/android/dx/rop/cst/CstString;)I @ 14
Event: 201.177 Thread 0x000000005d254000 Uncommon trap: reason=unstable_if action=reinterpret pc=0x0000000004c1351c method=com.android.dx.rop.code.LocalItem.compareHandlesNulls(Lcom/android/dx/rop/cst/CstString;Lcom/android/dx/rop/cst/CstString;)I @ 14
Event: 201.178 Thread 0x000000005d254000 Uncommon trap: reason=unstable_if action=reinterpret pc=0x0000000004b18700 method=com.android.dx.rop.code.LocalItem.compareHandlesNulls(Lcom/android/dx/rop/cst/CstString;Lcom/android/dx/rop/cst/CstString;)I @ 14
Event: 202.926 Thread 0x000000005b8f5800 Uncommon trap: reason=array_check action=maybe_recompile pc=0x0000000004925368 method=java.util.ComparableTimSort.binarySort([Ljava/lang/Object;III)V @ 183
Event: 203.435 Thread 0x000000005b8f6000 Uncommon trap: reason=unstable_if action=reinterpret pc=0x0000000004682ad0 method=com.android.dx.rop.code.RegisterSpecSet.<init>(I)V @ 2
Event: 211.833 Thread 0x000000005b8fb800 Uncommon trap: reason=unstable_if action=reinterpret pc=0x0000000004b76184 method=com.android.dx.ssa.SsaMethod.makeExitBlock()V @ 103
Event: 211.833 Thread 0x000000005b8fb800 Uncommon trap: reason=unstable_if action=reinterpret pc=0x0000000003fbf03c method=com.android.dx.ssa.SsaMethod.getExitBlock()Lcom/android/dx/ssa/SsaBasicBlock; @ 4
Event: 211.833 Thread 0x000000005b8fb800 Uncommon trap: reason=unstable_if action=reinterpret pc=0x000000000426a5e4 method=com.android.dx.ssa.SsaMethod.getExitBlock()Lcom/android/dx/ssa/SsaBasicBlock; @ 4
Event: 211.835 Thread 0x000000005b8fb800 Uncommon trap: reason=unstable_if action=reinterpret pc=0x000000000497703c method=com.android.dx.ssa.SsaMethod.getExitBlock()Lcom/android/dx/ssa/SsaBasicBlock; @ 4

Internal exceptions (10 events):
Event: 111.550 Thread 0x000000005974d800 Implicit null exception at 0x0000000003ff60a5 to 0x0000000003ff50c1
Event: 149.455 Thread 0x000000005974d800 Implicit null exception at 0x0000000003fd208a to 0x0000000003fd2709
Event: 153.199 Thread 0x000000005974d800 Exception <a 'java/lang/NoSuchMethodError': <clinit>> (0x00000000e180d4e8) thrown at [C:\src\android\AOSP-openjdk\external\jetbrains\jdk\hotspot\src\share\vm\prims\jni.cpp, line 1591]
Event: 158.454 Thread 0x000000005974d800 Exception <a 'java/io/FileNotFoundException'> (0x00000000e7bc8610) thrown at [C:\src\android\AOSP-openjdk\external\jetbrains\jdk\hotspot\src\share\vm\prims\jni.cpp, line 709]
Event: 174.852 Thread 0x000000005b8fa000 Implicit null exception at 0x00000000046feb12 to 0x00000000046fec02
Event: 175.709 Thread 0x000000005b8f7800 Implicit null exception at 0x000000000407fe79 to 0x000000000408074d
Event: 190.317 Thread 0x000000005d24e800 Implicit null exception at 0x0000000004a79be4 to 0x0000000004a7a155
Event: 201.143 Thread 0x000000005d254000 Implicit null exception at 0x0000000004ae0f28 to 0x0000000004ae2d25
Event: 201.177 Thread 0x000000005d254000 Implicit null exception at 0x0000000004c12168 to 0x0000000004c134f9
Event: 201.177 Thread 0x000000005d254000 Implicit null exception at 0x0000000004b16c6f to 0x0000000004b186b5

Events (10 events):
Event: 227.178 Executing VM operation: RevokeBias
Event: 227.179 Executing VM operation: RevokeBias done
Event: 227.208 Executing VM operation: RevokeBias
Event: 227.209 Executing VM operation: RevokeBias done
Event: 227.211 Executing VM operation: RevokeBias
Event: 227.212 Executing VM operation: RevokeBias done
Event: 227.229 Thread 0x000000005d24e000 Thread exited: 0x000000005d24e000
Event: 227.230 Thread 0x000000005d251800 Thread exited: 0x000000005d251800
Event: 227.263 Thread 0x000000005d252800 Thread exited: 0x000000005d252800
Event: 227.269 Thread 0x000000005d254000 Thread exited: 0x000000005d254000


Dynamic libraries:
0x000000013f3e0000 - 0x000000013f411000 	C:\Program Files\Android\Android Studio\jre\bin\java.exe
0x0000000077b20000 - 0x0000000077ccb000 	C:\Windows\SYSTEM32\ntdll.dll
0x0000000077900000 - 0x0000000077a1f000 	C:\Windows\system32\kernel32.dll
0x000007fefdb30000 - 0x000007fefdb9b000 	C:\Windows\system32\KERNELBASE.dll
0x000007fefefe0000 - 0x000007feff0bb000 	C:\Windows\system32\ADVAPI32.dll
0x000007feffac0000 - 0x000007feffb5f000 	C:\Windows\system32\msvcrt.dll
0x000007feffaa0000 - 0x000007feffabf000 	C:\Windows\SYSTEM32\sechost.dll
0x000007feff2a0000 - 0x000007feff3ce000 	C:\Windows\system32\RPCRT4.dll
0x0000000077a20000 - 0x0000000077b1a000 	C:\Windows\system32\USER32.dll
0x000007feff3d0000 - 0x000007feff437000 	C:\Windows\system32\GDI32.dll
0x000007feffe20000 - 0x000007feffe2e000 	C:\Windows\system32\LPK.dll
0x000007fefedf0000 - 0x000007fefeeba000 	C:\Windows\system32\USP10.dll
0x000007fefc560000 - 0x000007fefc754000 	C:\Windows\WinSxS\amd64_microsoft.windows.common-controls_6595b64144ccf1df_6.0.7600.16385_none_fa645303170382f6\COMCTL32.dll
0x000007feffa20000 - 0x000007feffa91000 	C:\Windows\system32\SHLWAPI.dll
0x000007fefef60000 - 0x000007fefef8e000 	C:\Windows\system32\IMM32.DLL
0x000007feff510000 - 0x000007feff619000 	C:\Windows\system32\MSCTF.dll
0x00000000613c0000 - 0x0000000061492000 	C:\Program Files\Android\Android Studio\jre\jre\bin\msvcr100.dll
0x00000000561d0000 - 0x0000000056a04000 	C:\Program Files\Android\Android Studio\jre\jre\bin\server\jvm.dll
0x000007feee0c0000 - 0x000007feee0c9000 	C:\Windows\system32\WSOCK32.dll
0x000007fefef90000 - 0x000007fefefdd000 	C:\Windows\system32\WS2_32.dll
0x000007feffc90000 - 0x000007feffc98000 	C:\Windows\system32\NSI.dll
0x000007fef9bf0000 - 0x000007fef9c2b000 	C:\Windows\system32\WINMM.dll
0x000007fefcbf0000 - 0x000007fefcbfc000 	C:\Windows\system32\VERSION.dll
0x0000000077ce0000 - 0x0000000077ce7000 	C:\Windows\system32\PSAPI.DLL
0x000007feed790000 - 0x000007feed79f000 	C:\Program Files\Android\Android Studio\jre\jre\bin\verify.dll
0x000007feed3f0000 - 0x000007feed419000 	C:\Program Files\Android\Android Studio\jre\jre\bin\java.dll
0x000007feed3d0000 - 0x000007feed3e6000 	C:\Program Files\Android\Android Studio\jre\jre\bin\zip.dll
0x000007fefde50000 - 0x000007fefebd6000 	C:\Windows\system32\SHELL32.dll
0x000007fefebe0000 - 0x000007fefede1000 	C:\Windows\system32\ole32.dll
0x000007fefda80000 - 0x000007fefda8f000 	C:\Windows\system32\profapi.dll
0x000007feed3b0000 - 0x000007feed3ca000 	C:\Program Files\Android\Android Studio\jre\jre\bin\net.dll
0x000007fefd2f0000 - 0x000007fefd344000 	C:\Windows\system32\mswsock.dll
0x000007fefd2e0000 - 0x000007fefd2e7000 	C:\Windows\System32\wship6.dll
0x000007feed390000 - 0x000007feed3a1000 	C:\Program Files\Android\Android Studio\jre\jre\bin\nio.dll
0x000007fef9520000 - 0x000007fef9532000 	C:\Users\ERIF\.gradle\native\19\windows-amd64\native-platform.dll
0x000007fefd350000 - 0x000007fefd367000 	C:\Windows\system32\CRYPTSP.dll
0x000007fefd010000 - 0x000007fefd057000 	C:\Windows\system32\rsaenh.dll
0x000007fefcdd0000 - 0x000007fefcdee000 	C:\Windows\system32\USERENV.dll
0x000007fefd9b0000 - 0x000007fefd9bf000 	C:\Windows\system32\CRYPTBASE.dll
0x000007fefb370000 - 0x000007fefb397000 	C:\Windows\system32\IPHLPAPI.DLL
0x000007fefb360000 - 0x000007fefb36b000 	C:\Windows\system32\WINNSI.DLL
0x000007fefb180000 - 0x000007fefb198000 	C:\Windows\system32\dhcpcsvc.DLL
0x000007fefadc0000 - 0x000007fefadd1000 	C:\Windows\system32\dhcpcsvc6.DLL
0x000007fef80b0000 - 0x000007fef80bd000 	C:\Program Files\Android\Android Studio\jre\jre\bin\management.dll
0x000007fefd950000 - 0x000007fefd9a7000 	C:\Windows\system32\apphelp.dll

VM Arguments:
jvm_args: -Xmx1536m -Dfile.encoding=windows-1252 -Duser.country=US -Duser.language=en -Duser.variant 
java_command: org.gradle.launcher.daemon.bootstrap.GradleDaemon 2.14.1
java_class_path (initial): C:\Program Files\Android\Android Studio\gradle\gradle-2.14.1\lib\gradle-launcher-2.14.1.jar
Launcher Type: SUN_STANDARD

Environment Variables:
PATH=C:\wamp\bin\php\php5.4.3
USERNAME=ERIF
OS=Windows_NT
PROCESSOR_IDENTIFIER=Intel64 Family 6 Model 37 Stepping 5, GenuineIntel



---------------  S Y S T E M  ---------------

OS: Windows 7 , 64 bit Build 7600 (6.1.7600.16385)

CPU:total 4 (2 cores per cpu, 2 threads per core) family 6 model 37 stepping 5, cmov, cx8, fxsr, mmx, sse, sse2, sse3, ssse3, sse4.1, sse4.2, popcnt, ht, tsc, tscinvbit

Memory: 4k page, physical 5036896k(428944k free), swap 5559288k(6304k free)

vm_info: OpenJDK 64-Bit Server VM (25.76-b03) for windows-amd64 JRE (1.8.0_76-release-b03), built on Jun 29 2016 19:09:20 by "ralucas" with MS VC++ 10.0 (VS2010)

time: Fri Dec 16 19:23:58 2016
elapsed time: 228 seconds (0d 0h 3m 48s)

